[24-Sep-2017 16:34:42 UTC] WP_Community_Events::maybe_log_events_response: Valid response received. Details: {"api_url":"https:\/\/api.wordpress.org\/events\/1.0\/","request_args":{"body":{"number":5,"ip":"::","locale":"es_CL","timezone":"America\/Santiago"}},"response_code":200,"response_body":{"location":{"ip":"190.20.186.188"},"events":"0 events trimmed."}}
[24-Sep-2017 16:35:15 UTC] PHP Notice:  Use of undefined constant jQuery3 - assumed 'jQuery3' in /Users/Camila/Desktop/front_end/sites/mitienda/wp-content/themes/wp_boilerplate-master/functions/wp_enqueue_scripts.php on line 7
[24-Sep-2017 16:35:15 UTC] PHP Notice:  Use of undefined constant jQuery3 - assumed 'jQuery3' in /Users/Camila/Desktop/front_end/sites/mitienda/wp-content/themes/wp_boilerplate-master/functions/wp_enqueue_scripts.php on line 11
[24-Sep-2017 16:35:15 UTC] PHP Notice:  Use of undefined constant jQuery3 - assumed 'jQuery3' in /Users/Camila/Desktop/front_end/sites/mitienda/wp-content/themes/wp_boilerplate-master/functions/wp_enqueue_scripts.php on line 13
[24-Sep-2017 16:55:18 UTC] PHP Warning:  Cannot modify header information - headers already sent by (output started at /Users/Camila/Desktop/front_end/sites/mitienda/wp-content/themes/wp_boilerplate-master/functions/wp_enqueue_style.php:1) in /Users/Camila/Desktop/front_end/sites/mitienda/wp-admin/post.php on line 197
[24-Sep-2017 16:55:18 UTC] PHP Warning:  Cannot modify header information - headers already sent by (output started at /Users/Camila/Desktop/front_end/sites/mitienda/wp-content/themes/wp_boilerplate-master/functions/wp_enqueue_style.php:1) in /Users/Camila/Desktop/front_end/sites/mitienda/wp-includes/pluggable.php on line 1210
[24-Sep-2017 16:56:20 UTC] PHP Warning:  Cannot modify header information - headers already sent by (output started at /Users/Camila/Desktop/front_end/sites/mitienda/wp-content/themes/wp_boilerplate-master/functions/wp_enqueue_style.php:1) in /Users/Camila/Desktop/front_end/sites/mitienda/wp-admin/post.php on line 197
[24-Sep-2017 16:56:20 UTC] PHP Warning:  Cannot modify header information - headers already sent by (output started at /Users/Camila/Desktop/front_end/sites/mitienda/wp-content/themes/wp_boilerplate-master/functions/wp_enqueue_style.php:1) in /Users/Camila/Desktop/front_end/sites/mitienda/wp-includes/pluggable.php on line 1210
[24-Sep-2017 16:56:41 UTC] PHP Warning:  Cannot modify header information - headers already sent by (output started at /Users/Camila/Desktop/front_end/sites/mitienda/wp-content/themes/wp_boilerplate-master/functions/wp_enqueue_style.php:1) in /Users/Camila/Desktop/front_end/sites/mitienda/wp-admin/post.php on line 197
[24-Sep-2017 16:56:41 UTC] PHP Warning:  Cannot modify header information - headers already sent by (output started at /Users/Camila/Desktop/front_end/sites/mitienda/wp-content/themes/wp_boilerplate-master/functions/wp_enqueue_style.php:1) in /Users/Camila/Desktop/front_end/sites/mitienda/wp-includes/pluggable.php on line 1210
[24-Sep-2017 16:56:53 UTC] PHP Warning:  Cannot modify header information - headers already sent by (output started at /Users/Camila/Desktop/front_end/sites/mitienda/wp-content/themes/wp_boilerplate-master/functions/wp_enqueue_style.php:1) in /Users/Camila/Desktop/front_end/sites/mitienda/wp-admin/post.php on line 197
[24-Sep-2017 16:56:53 UTC] PHP Warning:  Cannot modify header information - headers already sent by (output started at /Users/Camila/Desktop/front_end/sites/mitienda/wp-content/themes/wp_boilerplate-master/functions/wp_enqueue_style.php:1) in /Users/Camila/Desktop/front_end/sites/mitienda/wp-includes/pluggable.php on line 1210
[24-Sep-2017 16:58:58 UTC] PHP Warning:  Cannot modify header information - headers already sent by (output started at /Users/Camila/Desktop/front_end/sites/mitienda/wp-content/themes/wp_boilerplate-master/functions/wp_enqueue_style.php:19) in /Users/Camila/Desktop/front_end/sites/mitienda/wp-admin/post.php on line 197
[24-Sep-2017 16:58:58 UTC] PHP Warning:  Cannot modify header information - headers already sent by (output started at /Users/Camila/Desktop/front_end/sites/mitienda/wp-content/themes/wp_boilerplate-master/functions/wp_enqueue_style.php:19) in /Users/Camila/Desktop/front_end/sites/mitienda/wp-includes/pluggable.php on line 1210
[24-Sep-2017 17:09:52 UTC] PHP Warning:  Cannot modify header information - headers already sent by (output started at /Users/Camila/Desktop/front_end/sites/mitienda/wp-content/themes/wp_boilerplate-master/functions/wp_enqueue_style.php:19) in /Users/Camila/Desktop/front_end/sites/mitienda/wp-includes/pluggable.php on line 1210
[24-Sep-2017 17:10:11 UTC] PHP Warning:  Cannot modify header information - headers already sent by (output started at /Users/Camila/Desktop/front_end/sites/mitienda/wp-content/themes/wp_boilerplate-master/functions/wp_enqueue_style.php:19) in /Users/Camila/Desktop/front_end/sites/mitienda/wp-includes/pluggable.php on line 1210
[24-Sep-2017 17:14:28 UTC] PHP Warning:  Cannot modify header information - headers already sent by (output started at /Users/Camila/Desktop/front_end/sites/mitienda/wp-content/themes/wp_boilerplate-master/functions/wp_enqueue_style.php:19) in /Users/Camila/Desktop/front_end/sites/mitienda/wp-includes/pluggable.php on line 1210
[24-Sep-2017 19:37:58 UTC] PHP Parse error:  syntax error, unexpected 'Snippets' (T_STRING) in /Users/Camila/Desktop/front_end/sites/mitienda/wp-content/themes/wp_boilerplate-master/functions/news_post_type.php on line 3
[24-Sep-2017 19:39:53 UTC] PHP Parse error:  syntax error, unexpected 'Home' (T_STRING) in /Users/Camila/Desktop/front_end/sites/mitienda/wp-content/themes/wp_boilerplate-master/functions/news_post_type.php on line 65
[24-Sep-2017 19:39:59 UTC] PHP Parse error:  syntax error, unexpected 'Home' (T_STRING) in /Users/Camila/Desktop/front_end/sites/mitienda/wp-content/themes/wp_boilerplate-master/functions/news_post_type.php on line 65
[24-Sep-2017 19:48:03 UTC] PHP Warning:  Cannot modify header information - headers already sent by (output started at /Users/Camila/Desktop/front_end/sites/mitienda/wp-content/themes/wp_boilerplate-master/functions/wp_enqueue_style.php:19) in /Users/Camila/Desktop/front_end/sites/mitienda/wp-includes/pluggable.php on line 1210
[24-Sep-2017 19:48:22 UTC] PHP Notice:  Use of undefined constant jQuery3 - assumed 'jQuery3' in /Users/Camila/Desktop/front_end/sites/mitienda/wp-content/themes/wp_boilerplate-master/functions/wp_enqueue_scripts.php on line 11
[24-Sep-2017 19:48:28 UTC] PHP Notice:  Use of undefined constant jQuery3 - assumed 'jQuery3' in /Users/Camila/Desktop/front_end/sites/mitienda/wp-content/themes/wp_boilerplate-master/functions/wp_enqueue_scripts.php on line 11
[24-Sep-2017 22:02:12 UTC] PHP Warning:  Cannot modify header information - headers already sent by (output started at /Users/Camila/Desktop/front_end/sites/mitienda/wp-content/themes/wp_boilerplate-master/functions/wp_enqueue_style.php:19) in /Users/Camila/Desktop/front_end/sites/mitienda/wp-includes/pluggable.php on line 1210
[24-Sep-2017 22:04:20 UTC] PHP Warning:  Cannot modify header information - headers already sent by (output started at /Users/Camila/Desktop/front_end/sites/mitienda/wp-content/themes/wp_boilerplate-master/functions/wp_enqueue_style.php:19) in /Users/Camila/Desktop/front_end/sites/mitienda/wp-includes/pluggable.php on line 1210
[24-Sep-2017 22:04:26 UTC] PHP Warning:  Cannot modify header information - headers already sent by (output started at /Users/Camila/Desktop/front_end/sites/mitienda/wp-content/themes/wp_boilerplate-master/functions/wp_enqueue_style.php:19) in /Users/Camila/Desktop/front_end/sites/mitienda/wp-includes/pluggable.php on line 1210
[24-Sep-2017 22:04:47 UTC] PHP Warning:  Cannot modify header information - headers already sent by (output started at /Users/Camila/Desktop/front_end/sites/mitienda/wp-content/themes/wp_boilerplate-master/functions/wp_enqueue_style.php:19) in /Users/Camila/Desktop/front_end/sites/mitienda/wp-includes/pluggable.php on line 1210
[24-Sep-2017 22:08:36 UTC] PHP Warning:  Cannot modify header information - headers already sent by (output started at /Users/Camila/Desktop/front_end/sites/mitienda/wp-content/themes/wp_boilerplate-master/functions/wp_enqueue_style.php:19) in /Users/Camila/Desktop/front_end/sites/mitienda/wp-includes/pluggable.php on line 1210
[24-Sep-2017 22:22:37 UTC] PHP Parse error:  syntax error, unexpected ';' in /Users/Camila/Desktop/front_end/sites/mitienda/wp-content/themes/wp_boilerplate-master/functions/wp_enqueue_style.php on line 14
[24-Sep-2017 22:22:38 UTC] PHP Parse error:  syntax error, unexpected ';' in /Users/Camila/Desktop/front_end/sites/mitienda/wp-content/themes/wp_boilerplate-master/functions/wp_enqueue_style.php on line 14
[24-Sep-2017 22:25:41 UTC] PHP Parse error:  syntax error, unexpected ';' in /Users/Camila/Desktop/front_end/sites/mitienda/wp-content/themes/wp_boilerplate-master/functions/wp_enqueue_style.php on line 14
[24-Sep-2017 22:25:59 UTC] PHP Parse error:  syntax error, unexpected '}' in /Users/Camila/Desktop/front_end/sites/mitienda/wp-content/themes/wp_boilerplate-master/functions/wp_enqueue_style.php on line 16
[24-Sep-2017 22:26:08 UTC] PHP Parse error:  syntax error, unexpected 'wp_enqueue_style' (T_STRING) in /Users/Camila/Desktop/front_end/sites/mitienda/wp-content/themes/wp_boilerplate-master/functions/wp_enqueue_style.php on line 17
[24-Sep-2017 22:26:39 UTC] PHP Parse error:  syntax error, unexpected '}' in /Users/Camila/Desktop/front_end/sites/mitienda/wp-content/themes/wp_boilerplate-master/functions/wp_enqueue_style.php on line 14
[24-Sep-2017 22:28:01 UTC] PHP Warning:  Cannot modify header information - headers already sent by (output started at /Users/Camila/Desktop/front_end/sites/mitienda/wp-content/themes/wp_boilerplate-master/functions/wp_enqueue_style.php:27) in /Users/Camila/Desktop/front_end/sites/mitienda/wp-admin/post.php on line 197
[24-Sep-2017 22:28:01 UTC] PHP Warning:  Cannot modify header information - headers already sent by (output started at /Users/Camila/Desktop/front_end/sites/mitienda/wp-content/themes/wp_boilerplate-master/functions/wp_enqueue_style.php:27) in /Users/Camila/Desktop/front_end/sites/mitienda/wp-includes/pluggable.php on line 1210
